<?xml version="1.0" encoding="UTF-8"?>
<robot generator="Robot 3.2.2 (Python 3.8.6 on win32)" generated="20210218 17:26:52.751" rpa="false">
<suite id="s1" name="WV-MobieApp" source="C:\Users\aswin\git\WorldVisionMobileApp\WV-MobieApp">
<suite id="s1-s1" name="Testcase" source="C:\Users\aswin\git\WorldVisionMobileApp\WV-MobieApp\Testcase">
<suite id="s1-s1-s1" name="WV-app" source="C:\Users\aswin\git\WorldVisionMobileApp\WV-MobieApp\Testcase\WV-app.robot">
<test id="s1-s1-s1-t1" name="To verify the functionality of navigating to faqs page">
<kw name="Set appium details" library="CommonFunctions" type="setup">
<kw name="Open Application" library="AppiumLibrary">
<doc>Opens a new application to given Appium server.
Capabilities of appium server, Android and iOS,
Please check https://github.com/appium/appium/blob/master/docs/en/writing-running-appium/server-args.md
| *Option*            | *Man.* | *Description*     |
| remote_url          | Yes    | Appium server url |
| alias               | no     | alias             |</doc>
<arguments>
<arg>${REMOTE_URL}</arg>
<arg>platformName=${PLATFORM_NAME}</arg>
<arg>platformVersion=${PLATFORM_VERSION}</arg>
<arg>deviceName=${DEVICE_NAME}</arg>
<arg>automationName=UiAutomator2</arg>
<arg>newCommandTimeout=2500</arg>
<arg>unicodeKeyboard=true</arg>
<arg>resetKeyboard=true</arg>
</arguments>
<status status="PASS" starttime="20210218 17:26:53.526" endtime="20210218 17:27:06.305"></status>
</kw>
<status status="PASS" starttime="20210218 17:26:53.525" endtime="20210218 17:27:06.306"></status>
</kw>
<kw name="Open Application from menu" library="CommonFunctions">
<kw name="Vertical swipe" library="CommonFunctions">
<kw name="Swipe" library="AppiumLibrary">
<doc>Swipe from one point to another point, for an optional duration.</doc>
<arguments>
<arg>575</arg>
<arg>1474</arg>
<arg>565</arg>
<arg>479</arg>
</arguments>
<status status="PASS" starttime="20210218 17:27:06.309" endtime="20210218 17:27:07.813"></status>
</kw>
<status status="PASS" starttime="20210218 17:27:06.308" endtime="20210218 17:27:07.813"></status>
</kw>
<kw name="Click WV app" library="CommonFunctions">
<kw name="Click Element" library="AppiumLibrary">
<doc>Click element identified by `locator`.</doc>
<arguments>
<arg>${WvIcon}</arg>
</arguments>
<msg timestamp="20210218 17:27:07.821" level="INFO">Clicking element 'xpath=(//android.widget.TextView[@content-desc="worldvision"])[1]'.</msg>
<status status="PASS" starttime="20210218 17:27:07.815" endtime="20210218 17:27:08.447"></status>
</kw>
<status status="PASS" starttime="20210218 17:27:07.814" endtime="20210218 17:27:08.448"></status>
</kw>
<status status="PASS" starttime="20210218 17:27:06.307" endtime="20210218 17:27:08.449"></status>
</kw>
<kw name="Click Skip" library="CommonFunctions">
<kw name="Sleep" library="BuiltIn">
<doc>Pauses the test executed for the given time.</doc>
<arguments>
<arg>15s</arg>
</arguments>
<msg timestamp="20210218 17:27:23.468" level="INFO">Slept 15 seconds</msg>
<status status="PASS" starttime="20210218 17:27:08.451" endtime="20210218 17:27:23.469"></status>
</kw>
<kw name="Click Element" library="AppiumLibrary">
<doc>Click element identified by `locator`.</doc>
<arguments>
<arg>${SkipButton}</arg>
</arguments>
<msg timestamp="20210218 17:27:23.482" level="INFO">Clicking element 'xpath=//android.view.View[contains(@text,'Skip')]'.</msg>
<status status="PASS" starttime="20210218 17:27:23.471" endtime="20210218 17:27:23.873"></status>
</kw>
<status status="PASS" starttime="20210218 17:27:08.449" endtime="20210218 17:27:23.874"></status>
</kw>
<kw name="Login Function" library="CommonFunctions">
<arguments>
<arg>${UserName}</arg>
<arg>${Password}</arg>
</arguments>
<kw name="Sleep" library="BuiltIn">
<doc>Pauses the test executed for the given time.</doc>
<arguments>
<arg>5s</arg>
</arguments>
<msg timestamp="20210218 17:27:28.884" level="INFO">Slept 5 seconds</msg>
<status status="PASS" starttime="20210218 17:27:23.876" endtime="20210218 17:27:28.885"></status>
</kw>
<kw name="Input Text" library="AppiumLibrary">
<doc>Types the given `text` into text field identified by `locator`.</doc>
<arguments>
<arg>${UserNameField}</arg>
<arg>${UserName}</arg>
</arguments>
<msg timestamp="20210218 17:27:28.898" level="INFO">Typing text '9999999995' into text field 'xpath=(//*[@class='android.widget.EditText'])[1]'</msg>
<status status="PASS" starttime="20210218 17:27:28.886" endtime="20210218 17:27:29.286"></status>
</kw>
<kw name="Input Text" library="AppiumLibrary">
<doc>Types the given `text` into text field identified by `locator`.</doc>
<arguments>
<arg>${PasswordField}</arg>
<arg>${Password}</arg>
</arguments>
<msg timestamp="20210218 17:27:29.294" level="INFO">Typing text 'password' into text field 'xpath=(//*[@class='android.widget.EditText'])[2]'</msg>
<status status="PASS" starttime="20210218 17:27:29.286" endtime="20210218 17:27:29.920"></status>
</kw>
<kw name="Click Element" library="AppiumLibrary">
<doc>Click element identified by `locator`.</doc>
<arguments>
<arg>${LoginButton}</arg>
</arguments>
<msg timestamp="20210218 17:27:29.929" level="INFO">Clicking element 'xpath=//android.widget.Button[contains(@text,'LOGIN')]'.</msg>
<status status="PASS" starttime="20210218 17:27:29.921" endtime="20210218 17:27:30.721"></status>
</kw>
<status status="PASS" starttime="20210218 17:27:23.874" endtime="20210218 17:27:30.722"></status>
</kw>
<kw name="Left Banner Swipe" library="CommonFunctions">
<kw name="Sleep" library="BuiltIn">
<doc>Pauses the test executed for the given time.</doc>
<arguments>
<arg>12s</arg>
</arguments>
<msg timestamp="20210218 17:27:42.725" level="INFO">Slept 12 seconds</msg>
<status status="PASS" starttime="20210218 17:27:30.724" endtime="20210218 17:27:42.725"></status>
</kw>
<kw name="Swipe" library="AppiumLibrary">
<doc>Swipe from one point to another point, for an optional duration.</doc>
<arguments>
<arg>0</arg>
<arg>1026</arg>
<arg>800</arg>
<arg>1026</arg>
</arguments>
<status status="PASS" starttime="20210218 17:27:42.726" endtime="20210218 17:27:44.372"></status>
</kw>
<status status="PASS" starttime="20210218 17:27:30.723" endtime="20210218 17:27:44.373"></status>
</kw>
<kw name="LeftMenuClick" library="CommonFunctions">
<arguments>
<arg>${LeftMenuFQA}</arg>
</arguments>
<kw name="Sleep" library="BuiltIn">
<doc>Pauses the test executed for the given time.</doc>
<arguments>
<arg>10s</arg>
</arguments>
<msg timestamp="20210218 17:27:54.376" level="INFO">Slept 10 seconds</msg>
<status status="PASS" starttime="20210218 17:27:44.375" endtime="20210218 17:27:54.377"></status>
</kw>
<kw name="Click Element" library="AppiumLibrary">
<doc>Click element identified by `locator`.</doc>
<arguments>
<arg>${element}</arg>
</arguments>
<msg timestamp="20210218 17:27:54.380" level="INFO">Clicking element 'xpath=//android.widget.Button[contains(@text,'FAQs')]'.</msg>
<status status="PASS" starttime="20210218 17:27:54.377" endtime="20210218 17:27:54.756"></status>
</kw>
<status status="PASS" starttime="20210218 17:27:44.374" endtime="20210218 17:27:54.757"></status>
</kw>
<kw name="FQA Menus Check" library="FQAPage">
<arguments>
<arg>@{FQAlist}</arg>
</arguments>
<kw name="Sleep" library="BuiltIn">
<doc>Pauses the test executed for the given time.</doc>
<arguments>
<arg>10s</arg>
</arguments>
<msg timestamp="20210218 17:28:04.775" level="INFO">Slept 10 seconds</msg>
<status status="PASS" starttime="20210218 17:27:54.759" endtime="20210218 17:28:04.776"></status>
</kw>
<kw name="${ElementOfList} IN [ @{FQAlist} ]" type="for">
<kw name="${ElementOfList} = Child Sponsorship" type="foritem">
<kw name="Sleep" library="BuiltIn">
<doc>Pauses the test executed for the given time.</doc>
<arguments>
<arg>5s</arg>
</arguments>
<msg timestamp="20210218 17:28:09.781" level="INFO">Slept 5 seconds</msg>
<status status="PASS" starttime="20210218 17:28:04.777" endtime="20210218 17:28:09.781"></status>
</kw>
<kw name="Run Keyword And Return Status" library="BuiltIn">
<doc>Runs the given keyword with given arguments and returns the status as a Boolean value.</doc>
<arguments>
<arg>Element Should Be Visible</arg>
<arg>xpath=//android.view.View[@resource-id='${ElementOfList}']</arg>
</arguments>
<assign>
<var>${status}</var>
</assign>
<kw name="Element Should Be Visible" library="AppiumLibrary">
<doc>Verifies that element identified with locator is visible.</doc>
<arguments>
<arg>xpath=//android.view.View[@resource-id='${ElementOfList}']</arg>
</arguments>
<status status="PASS" starttime="20210218 17:28:09.783" endtime="20210218 17:28:10.913"></status>
</kw>
<msg timestamp="20210218 17:28:10.914" level="INFO">${status} = True</msg>
<status status="PASS" starttime="20210218 17:28:09.782" endtime="20210218 17:28:10.914"></status>
</kw>
<kw name="Run Keyword If" library="BuiltIn">
<doc>Runs the given keyword with the given arguments, if ``condition`` is true.</doc>
<arguments>
<arg>'${status}'!='True'</arg>
<arg>Fail</arg>
<arg>${ElementOfList} is not visible</arg>
<arg>ELSE</arg>
<arg>Log</arg>
<arg>${ElementOfList} is visible</arg>
</arguments>
<kw name="Log" library="BuiltIn">
<doc>Logs the given message with the given level.</doc>
<arguments>
<arg>${ElementOfList} is visible</arg>
</arguments>
<msg timestamp="20210218 17:28:10.916" level="INFO">Child Sponsorship is visible</msg>
<status status="PASS" starttime="20210218 17:28:10.916" endtime="20210218 17:28:10.917"></status>
</kw>
<status status="PASS" starttime="20210218 17:28:10.915" endtime="20210218 17:28:10.917"></status>
</kw>
<kw name="FQA Menu Swipe" library="FQAPage">
<kw name="Sleep" library="BuiltIn">
<doc>Pauses the test executed for the given time.</doc>
<arguments>
<arg>3s</arg>
</arguments>
<msg timestamp="20210218 17:28:13.934" level="INFO">Slept 3 seconds</msg>
<status status="PASS" starttime="20210218 17:28:10.919" endtime="20210218 17:28:13.936"></status>
</kw>
<kw name="Swipe" library="AppiumLibrary">
<doc>Swipe from one point to another point, for an optional duration.</doc>
<arguments>
<arg>797</arg>
<arg>585</arg>
<arg>267</arg>
<arg>585</arg>
</arguments>
<status status="PASS" starttime="20210218 17:28:13.937" endtime="20210218 17:28:15.579"></status>
</kw>
<status status="PASS" starttime="20210218 17:28:10.918" endtime="20210218 17:28:15.580"></status>
</kw>
<kw name="Sleep" library="BuiltIn">
<doc>Pauses the test executed for the given time.</doc>
<arguments>
<arg>2s</arg>
</arguments>
<msg timestamp="20210218 17:28:17.595" level="INFO">Slept 2 seconds</msg>
<status status="PASS" starttime="20210218 17:28:15.581" endtime="20210218 17:28:17.596"></status>
</kw>
<status status="PASS" starttime="20210218 17:28:04.777" endtime="20210218 17:28:17.597"></status>
</kw>
<kw name="${ElementOfList} = World Vision India" type="foritem">
<kw name="Sleep" library="BuiltIn">
<doc>Pauses the test executed for the given time.</doc>
<arguments>
<arg>5s</arg>
</arguments>
<msg timestamp="20210218 17:28:22.610" level="INFO">Slept 5 seconds</msg>
<status status="PASS" starttime="20210218 17:28:17.599" endtime="20210218 17:28:22.613"></status>
</kw>
<kw name="Run Keyword And Return Status" library="BuiltIn">
<doc>Runs the given keyword with given arguments and returns the status as a Boolean value.</doc>
<arguments>
<arg>Element Should Be Visible</arg>
<arg>xpath=//android.view.View[@resource-id='${ElementOfList}']</arg>
</arguments>
<assign>
<var>${status}</var>
</assign>
<kw name="Element Should Be Visible" library="AppiumLibrary">
<doc>Verifies that element identified with locator is visible.</doc>
<arguments>
<arg>xpath=//android.view.View[@resource-id='${ElementOfList}']</arg>
</arguments>
<status status="PASS" starttime="20210218 17:28:22.623" endtime="20210218 17:28:23.667"></status>
</kw>
<msg timestamp="20210218 17:28:23.668" level="INFO">${status} = True</msg>
<status status="PASS" starttime="20210218 17:28:22.617" endtime="20210218 17:28:23.668"></status>
</kw>
<kw name="Run Keyword If" library="BuiltIn">
<doc>Runs the given keyword with the given arguments, if ``condition`` is true.</doc>
<arguments>
<arg>'${status}'!='True'</arg>
<arg>Fail</arg>
<arg>${ElementOfList} is not visible</arg>
<arg>ELSE</arg>
<arg>Log</arg>
<arg>${ElementOfList} is visible</arg>
</arguments>
<kw name="Log" library="BuiltIn">
<doc>Logs the given message with the given level.</doc>
<arguments>
<arg>${ElementOfList} is visible</arg>
</arguments>
<msg timestamp="20210218 17:28:23.671" level="INFO">World Vision India is visible</msg>
<status status="PASS" starttime="20210218 17:28:23.670" endtime="20210218 17:28:23.671"></status>
</kw>
<status status="PASS" starttime="20210218 17:28:23.669" endtime="20210218 17:28:23.672"></status>
</kw>
<kw name="FQA Menu Swipe" library="FQAPage">
<kw name="Sleep" library="BuiltIn">
<doc>Pauses the test executed for the given time.</doc>
<arguments>
<arg>3s</arg>
</arguments>
<msg timestamp="20210218 17:28:26.683" level="INFO">Slept 3 seconds</msg>
<status status="PASS" starttime="20210218 17:28:23.674" endtime="20210218 17:28:26.683"></status>
</kw>
<kw name="Swipe" library="AppiumLibrary">
<doc>Swipe from one point to another point, for an optional duration.</doc>
<arguments>
<arg>797</arg>
<arg>585</arg>
<arg>267</arg>
<arg>585</arg>
</arguments>
<status status="PASS" starttime="20210218 17:28:26.683" endtime="20210218 17:28:28.224"></status>
</kw>
<status status="PASS" starttime="20210218 17:28:23.672" endtime="20210218 17:28:28.225"></status>
</kw>
<kw name="Sleep" library="BuiltIn">
<doc>Pauses the test executed for the given time.</doc>
<arguments>
<arg>2s</arg>
</arguments>
<msg timestamp="20210218 17:28:30.236" level="INFO">Slept 2 seconds</msg>
<status status="PASS" starttime="20210218 17:28:28.226" endtime="20210218 17:28:30.237"></status>
</kw>
<status status="PASS" starttime="20210218 17:28:17.597" endtime="20210218 17:28:30.237"></status>
</kw>
<kw name="${ElementOfList} = Payments" type="foritem">
<kw name="Sleep" library="BuiltIn">
<doc>Pauses the test executed for the given time.</doc>
<arguments>
<arg>5s</arg>
</arguments>
<msg timestamp="20210218 17:28:35.255" level="INFO">Slept 5 seconds</msg>
<status status="PASS" starttime="20210218 17:28:30.239" endtime="20210218 17:28:35.255"></status>
</kw>
<kw name="Run Keyword And Return Status" library="BuiltIn">
<doc>Runs the given keyword with given arguments and returns the status as a Boolean value.</doc>
<arguments>
<arg>Element Should Be Visible</arg>
<arg>xpath=//android.view.View[@resource-id='${ElementOfList}']</arg>
</arguments>
<assign>
<var>${status}</var>
</assign>
<kw name="Element Should Be Visible" library="AppiumLibrary">
<doc>Verifies that element identified with locator is visible.</doc>
<arguments>
<arg>xpath=//android.view.View[@resource-id='${ElementOfList}']</arg>
</arguments>
<status status="PASS" starttime="20210218 17:28:35.257" endtime="20210218 17:28:36.269"></status>
</kw>
<msg timestamp="20210218 17:28:36.269" level="INFO">${status} = True</msg>
<status status="PASS" starttime="20210218 17:28:35.256" endtime="20210218 17:28:36.269"></status>
</kw>
<kw name="Run Keyword If" library="BuiltIn">
<doc>Runs the given keyword with the given arguments, if ``condition`` is true.</doc>
<arguments>
<arg>'${status}'!='True'</arg>
<arg>Fail</arg>
<arg>${ElementOfList} is not visible</arg>
<arg>ELSE</arg>
<arg>Log</arg>
<arg>${ElementOfList} is visible</arg>
</arguments>
<kw name="Log" library="BuiltIn">
<doc>Logs the given message with the given level.</doc>
<arguments>
<arg>${ElementOfList} is visible</arg>
</arguments>
<msg timestamp="20210218 17:28:36.272" level="INFO">Payments is visible</msg>
<status status="PASS" starttime="20210218 17:28:36.272" endtime="20210218 17:28:36.273"></status>
</kw>
<status status="PASS" starttime="20210218 17:28:36.270" endtime="20210218 17:28:36.273"></status>
</kw>
<kw name="FQA Menu Swipe" library="FQAPage">
<kw name="Sleep" library="BuiltIn">
<doc>Pauses the test executed for the given time.</doc>
<arguments>
<arg>3s</arg>
</arguments>
<msg timestamp="20210218 17:28:39.289" level="INFO">Slept 3 seconds</msg>
<status status="PASS" starttime="20210218 17:28:36.275" endtime="20210218 17:28:39.290"></status>
</kw>
<kw name="Swipe" library="AppiumLibrary">
<doc>Swipe from one point to another point, for an optional duration.</doc>
<arguments>
<arg>797</arg>
<arg>585</arg>
<arg>267</arg>
<arg>585</arg>
</arguments>
<status status="PASS" starttime="20210218 17:28:39.290" endtime="20210218 17:28:40.883"></status>
</kw>
<status status="PASS" starttime="20210218 17:28:36.274" endtime="20210218 17:28:40.884"></status>
</kw>
<kw name="Sleep" library="BuiltIn">
<doc>Pauses the test executed for the given time.</doc>
<arguments>
<arg>2s</arg>
</arguments>
<msg timestamp="20210218 17:28:42.900" level="INFO">Slept 2 seconds</msg>
<status status="PASS" starttime="20210218 17:28:40.885" endtime="20210218 17:28:42.901"></status>
</kw>
<status status="PASS" starttime="20210218 17:28:30.238" endtime="20210218 17:28:42.902"></status>
</kw>
<status status="PASS" starttime="20210218 17:28:04.776" endtime="20210218 17:28:42.903"></status>
</kw>
<status status="PASS" starttime="20210218 17:27:54.757" endtime="20210218 17:28:42.906"></status>
</kw>
<tags>
<tag>Menu Verification</tag>
</tags>
<status status="PASS" starttime="20210218 17:26:53.523" endtime="20210218 17:28:42.907" critical="yes"></status>
</test>
<status status="PASS" starttime="20210218 17:26:52.882" endtime="20210218 17:28:42.910"></status>
</suite>
<status status="PASS" starttime="20210218 17:26:52.876" endtime="20210218 17:28:42.915"></status>
</suite>
<status status="PASS" starttime="20210218 17:26:52.830" endtime="20210218 17:28:42.920"></status>
</suite>
<statistics>
<total>
<stat pass="1" fail="0">Critical Tests</stat>
<stat pass="1" fail="0">All Tests</stat>
</total>
<tag>
<stat pass="1" fail="0">Menu Verification</stat>
</tag>
<suite>
<stat pass="1" fail="0" id="s1" name="WV-MobieApp">WV-MobieApp</stat>
<stat pass="1" fail="0" id="s1-s1" name="Testcase">WV-MobieApp.Testcase</stat>
<stat pass="1" fail="0" id="s1-s1-s1" name="WV-app">WV-MobieApp.Testcase.WV-app</stat>
</suite>
</statistics>
<errors>
</errors>
</robot>
