<?xml version="1.0" encoding="UTF-8"?>
<robot generator="Robot 3.2.2 (Python 3.8.6 on win32)" generated="20210216 18:59:50.481" rpa="false">
<suite id="s1" name="WV-MobieApp" source="C:\Users\aswin\git\WorldVisionMobileApp\WV-MobieApp">
<suite id="s1-s1" name="Testcase" source="C:\Users\aswin\git\WorldVisionMobileApp\WV-MobieApp\Testcase">
<suite id="s1-s1-s1" name="WV-app" source="C:\Users\aswin\git\WorldVisionMobileApp\WV-MobieApp\Testcase\WV-app.robot">
<test id="s1-s1-s1-t1" name="Verifying the Tax receipt Functionality Of the Donated user">
<kw name="Set appium details" library="CommonFunctions" type="setup">
<kw name="Open Application" library="AppiumLibrary">
<doc>Opens a new application to given Appium server.
Capabilities of appium server, Android and iOS,
Please check https://github.com/appium/appium/blob/master/docs/en/writing-running-appium/server-args.md
| *Option*            | *Man.* | *Description*     |
| remote_url          | Yes    | Appium server url |
| alias               | no     | alias             |</doc>
<arguments>
<arg>${REMOTE_URL}</arg>
<arg>platformName=${PLATFORM_NAME}</arg>
<arg>platformVersion=${PLATFORM_VERSION}</arg>
<arg>deviceName=${DEVICE_NAME}</arg>
<arg>automationName=UiAutomator2</arg>
<arg>newCommandTimeout=2500</arg>
</arguments>
<status status="PASS" starttime="20210216 18:59:50.870" endtime="20210216 19:00:02.068"></status>
</kw>
<status status="PASS" starttime="20210216 18:59:50.869" endtime="20210216 19:00:02.069"></status>
</kw>
<kw name="Get Current Date" library="DateTime">
<doc>Returns current local or UTC time with an optional increment.</doc>
<arguments>
<arg>result_format=%Y %b %d</arg>
</arguments>
<assign>
<var>${CurrentDate}</var>
</assign>
<msg timestamp="20210216 19:00:02.071" level="INFO">${CurrentDate} = 2021 Feb 16</msg>
<status status="PASS" starttime="20210216 19:00:02.070" endtime="20210216 19:00:02.071"></status>
</kw>
<kw name="Convert Date" library="DateTime">
<doc>Converts between supported `date formats`.</doc>
<arguments>
<arg>${CurrentDate}</arg>
<arg>datetime</arg>
</arguments>
<assign>
<var>${todayDate}</var>
</assign>
<msg timestamp="20210216 19:00:02.072" level="FAIL">ValueError: Invalid timestamp '2021 Feb 16'.</msg>
<status status="FAIL" starttime="20210216 19:00:02.071" endtime="20210216 19:00:02.072"></status>
</kw>
<tags>
<tag>Tax Functionality Page</tag>
</tags>
<status status="FAIL" starttime="20210216 18:59:50.868" endtime="20210216 19:00:02.073" critical="yes">ValueError: Invalid timestamp '2021 Feb 16'.</status>
</test>
<status status="FAIL" starttime="20210216 18:59:50.563" endtime="20210216 19:00:02.075"></status>
</suite>
<status status="FAIL" starttime="20210216 18:59:50.559" endtime="20210216 19:00:02.078"></status>
</suite>
<status status="FAIL" starttime="20210216 18:59:50.529" endtime="20210216 19:00:02.081"></status>
</suite>
<statistics>
<total>
<stat pass="0" fail="1">Critical Tests</stat>
<stat pass="0" fail="1">All Tests</stat>
</total>
<tag>
<stat pass="0" fail="1">Tax Functionality Page</stat>
</tag>
<suite>
<stat pass="0" fail="1" id="s1" name="WV-MobieApp">WV-MobieApp</stat>
<stat pass="0" fail="1" id="s1-s1" name="Testcase">WV-MobieApp.Testcase</stat>
<stat pass="0" fail="1" id="s1-s1-s1" name="WV-app">WV-MobieApp.Testcase.WV-app</stat>
</suite>
</statistics>
<errors>
</errors>
</robot>
